Now start pre process...
Now start lex and syntax analyse...
Lex analyse succeed!!!

************************Here are the syntax errors***********************
syntax error, location: 25.24
syntax error, missing keywrod "do", location: 23.25
syntax error, missing a semicolon here, location: 25.25
syntax error, missing keyword "end", location: 25.26
syntax error, missing keyword "end", location: 25.27
syntax error, missing a semicolon here, location: 25.27
syntax error, missing keyword "end", location: 25.29
syntax error, missing keyword "end", location: 25.30
syntax error, missing a semicolon here, location: 25.30
syntax error, missing keyword "end", location: 25.32
syntax error, missing keyword "end", location: 25.33
syntax error, missing a semicolon here, location: 25.33
syntax error, missing keyword "end", location: 25.35
syntax error, missing a semicolon here, location: 25.36
fatal error in program body, location: 107.4
********************Please correct your syntax errors********************

